phonecontact/build/intermediates/manifest_merge_blame_file/debug/manifest-merger-blame-debug-report.txt
1<?xml version="1.0" encoding="utf-8"?>
2<manifest xmlns:android="http://schemas.android.com/apk/res/android"
3    package="com.bw.phonecontact"
4    android:versionCode="1"
5    android:versionName="1.0" >
6
7    <uses-sdk
8        android:minSdkVersion="24"
8-->main\debug\AndroidManifest.xml
9        android:targetSdkVersion="30" />
9-->main\debug\AndroidManifest.xml
10
11    <uses-permission android:name="android.permission.ACCESS_NETWORK_STATE" />
11-->main\debug\AndroidManifest.xml:6:5-78
11-->main\debug\AndroidManifest.xml:6:22-76
12    <uses-permission android:name="android.permission.ACCESS_WIFI_STATE" />
12-->main\debug\AndroidManifest.xml:7:5-75
12-->main\debug\AndroidManifest.xml:7:22-73
13    <uses-permission android:name="android.permission.INTERNET" />
13-->main\debug\AndroidManifest.xml:8:5-66
13-->main\debug\AndroidManifest.xml:8:22-64
14    <uses-permission android:name="android.permission.READ_LOGS" />
14-->main\debug\AndroidManifest.xml:9:5-10:47
14-->main\debug\AndroidManifest.xml:9:22-65
15    <uses-permission android:name="android.permission.READ_EXTERNAL_STORAGE" />
15-->main\debug\AndroidManifest.xml:11:5-79
15-->main\debug\AndroidManifest.xml:11:22-77
16    <uses-permission android:name="android.permission.WRITE_EXTERNAL_STORAGE" />
16-->main\debug\AndroidManifest.xml:12:5-80
16-->main\debug\AndroidManifest.xml:12:22-78
17    <!-- 访问联系人权限 -->
18    <uses-permission android:name="android.permission.READ_CONTACTS" />
18-->main\debug\AndroidManifest.xml:14:5-71
18-->main\debug\AndroidManifest.xml:14:22-69
19
20    <!-- 允许程序读写手机状态和身份 -->
21    <uses-permission android:name="android.permission.READ_PHONE_STATE" /> <!-- 允许程序访问CellID或WiFi热点来获取粗略的位置 -->
21-->[:gaode_map] AndroidManifest.xml:19:5-75
21-->[:gaode_map] AndroidManifest.xml:19:22-72
22    <uses-permission android:name="android.permission.ACCESS_COARSE_LOCATION" />
22-->[:gaode_map] AndroidManifest.xml:21:5-81
22-->[:gaode_map] AndroidManifest.xml:21:22-78
23    <uses-permission android:name="android.permission.ACCESS_FINE_LOCATION" />
23-->[:gaode_map] AndroidManifest.xml:22:5-79
23-->[:gaode_map] AndroidManifest.xml:22:22-76
24
25    <application
25-->main\debug\AndroidManifest.xml:16:5-29:19
26        android:name="com.bw.phonecontact.MyApplication"
26-->main\debug\AndroidManifest.xml:18:9-38
27        android:allowBackup="true"
27-->[cn.yipianfengye.android:zxing-library:2.2] AndroidManifest.xml:11:18-44
28        android:appComponentFactory="androidx.core.app.CoreComponentFactory"
28-->[androidx.core:core:1.5.0-alpha05] AndroidManifest.xml:24:18-86
29        android:debuggable="true"
30        android:extractNativeLibs="false"
31        android:supportsRtl="true"
31-->[com.flyco.tablayout:FlycoTabLayout_Lib:2.0.2] AndroidManifest.xml:13:9-35
32        android:theme="@style/Theme.AppCompat.Light.NoActionBar" >
32-->main\debug\AndroidManifest.xml:17:9-65
33        <activity android:name="com.bw.phonecontact.PhoneContactActivity" >
33-->main\debug\AndroidManifest.xml:19:9-25:20
33-->main\debug\AndroidManifest.xml:19:19-55
34            <intent-filter>
34-->main\debug\AndroidManifest.xml:20:13-24:29
35                <action android:name="android.intent.action.MAIN" />
35-->main\debug\AndroidManifest.xml:21:17-69
35-->main\debug\AndroidManifest.xml:21:25-66
36
37                <category android:name="android.intent.category.LAUNCHER" />
37-->main\debug\AndroidManifest.xml:23:17-77
37-->main\debug\AndroidManifest.xml:23:27-74
38            </intent-filter>
39        </activity>
40        <activity android:name="com.bw.phonecontact.MainActivity" >
40-->main\debug\AndroidManifest.xml:26:9-28:20
40-->main\debug\AndroidManifest.xml:26:19-47
41        </activity>
42        <activity android:name="com.example.home.HomeActivity" />
42-->[:home] AndroidManifest.xml:12:9-66
42-->[:home] AndroidManifest.xml:12:19-63
43
44        <meta-data
44-->[:gaode_map] AndroidManifest.xml:25:9-28:21
45            android:name="com.amap.api.v2.apikey"
45-->[:gaode_map] AndroidManifest.xml:26:13-50
46            android:value="53bb4050ca19f098437aa4b8313b2500" >
46-->[:gaode_map] AndroidManifest.xml:27:13-61
47        </meta-data>
48
49        <activity
49-->[cn.yipianfengye.android:zxing-library:2.2] AndroidManifest.xml:12:9-17:63
50            android:name="com.uuzuche.lib_zxing.activity.CaptureActivity"
50-->[cn.yipianfengye.android:zxing-library:2.2] AndroidManifest.xml:13:13-74
51            android:configChanges="orientation|keyboardHidden"
51-->[cn.yipianfengye.android:zxing-library:2.2] AndroidManifest.xml:14:13-63
52            android:screenOrientation="portrait"
52-->[cn.yipianfengye.android:zxing-library:2.2] AndroidManifest.xml:15:13-49
53            android:theme="@style/Theme.AppCompat.NoActionBar"
53-->[cn.yipianfengye.android:zxing-library:2.2] AndroidManifest.xml:16:13-63
54            android:windowSoftInputMode="stateAlwaysHidden" />
54-->[cn.yipianfengye.android:zxing-library:2.2] AndroidManifest.xml:17:13-60
55    </application>
56
57</manifest>